<?xml version="1.0" encoding="UTF-8"?>
<!-- Generated by org.testng.reporters.JUnitReportReporter -->
<testsuite skipped="0" hostname="INLN56579654A" name="com.test.MyBrowserClass" tests="1" failures="0" timestamp="06 Sep 2018 05:22:38 GMT" time="31.469" errors="0">
  <testcase name="signUpFunction" time="31.469" classname="com.test.MyBrowserClass"/>
</testsuite> <!-- com.test.MyBrowserClass -->
